<?xml version="1.0" encoding="UTF-8"?>
<!-- Generated by org.testng.reporters.JUnitReportReporter -->
<testsuite skipped="0" hostname="Hp" name="com.OHRM.TestCases.EMployeePageTest" tests="1" failures="0" timestamp="2019-10-05T17:18:52 IST" time="25.367" errors="0">
  <testcase name="verifyEmployeeInfoLabelTest" time="25.367" classname="com.OHRM.TestCases.EMployeePageTest"/>
</testsuite> <!-- com.OHRM.TestCases.EMployeePageTest -->
