<?xml version="1.0" encoding="UTF-8"?>
<!-- Generated by org.testng.reporters.JUnitReportReporter -->
<testsuite skipped="0" hostname="Hp" name="com.OHRM.TestCases.HomePageTest" tests="5" failures="0" timestamp="2019-09-30T13:43:59 IST" time="91.190" errors="0">
  <testcase name="verifyUserNameTest" time="17.911" classname="com.OHRM.TestCases.HomePageTest"/>
  <testcase name="AdminPageTest" time="13.949" classname="com.OHRM.TestCases.HomePageTest"/>
  <testcase name="addEmployeePageTest" time="15.057" classname="com.OHRM.TestCases.HomePageTest"/>
  <testcase name="CandidatePageTest" time="22.487" classname="com.OHRM.TestCases.HomePageTest"/>
  <testcase name="EmployeePageTest" time="21.786" classname="com.OHRM.TestCases.HomePageTest"/>
</testsuite> <!-- com.OHRM.TestCases.HomePageTest -->
