<?xml version="1.0" encoding="UTF-8"?>
<!-- Generated by org.testng.reporters.JUnitReportReporter -->
<testsuite skipped="0" hostname="Hp" name="com.OHRM.TestCases.LoginPageTest" tests="3" failures="0" timestamp="2019-10-05T17:18:52 IST" time="64.388" errors="0">
  <testcase name="LoginPageTitleTest" time="12.806" classname="com.OHRM.TestCases.LoginPageTest"/>
  <testcase name="validateLogoTest" time="17.827" classname="com.OHRM.TestCases.LoginPageTest"/>
  <testcase name="LoginTest" time="33.755" classname="com.OHRM.TestCases.LoginPageTest"/>
</testsuite> <!-- com.OHRM.TestCases.LoginPageTest -->
