<?xml version="1.0" encoding="UTF-8"?>
<!-- Generated by org.testng.reporters.JUnitReportReporter -->
<testsuite skipped="0" hostname="Hp" name="com.OHRM.TestCases.HomePageTest" tests="5" failures="0" timestamp="2019-10-05T17:18:53 IST" time="149.728" errors="0">
  <testcase name="verifyUserNameTest" time="20.066" classname="com.OHRM.TestCases.HomePageTest"/>
  <testcase name="AdminPageTest" time="48.613" classname="com.OHRM.TestCases.HomePageTest"/>
  <testcase name="addEmployeePageTest" time="23.606" classname="com.OHRM.TestCases.HomePageTest"/>
  <testcase name="CandidatePageTest" time="37.572" classname="com.OHRM.TestCases.HomePageTest"/>
  <testcase name="EmployeePageTest" time="19.871" classname="com.OHRM.TestCases.HomePageTest"/>
</testsuite> <!-- com.OHRM.TestCases.HomePageTest -->
