<?xml version="1.0" encoding="UTF-8"?>
<!-- Generated by org.testng.reporters.JUnitReportReporter -->
<testsuite skipped="0" hostname="Hp" name="com.OHRM.TestCases.LoginPageTest" tests="3" failures="0" timestamp="2019-09-30T21:58:34 IST" time="43.210" errors="0">
  <testcase name="LoginPageTitleTest" time="12.251" classname="com.OHRM.TestCases.LoginPageTest"/>
  <testcase name="validateLogoTest" time="11.098" classname="com.OHRM.TestCases.LoginPageTest"/>
  <testcase name="LoginTest" time="19.861" classname="com.OHRM.TestCases.LoginPageTest"/>
</testsuite> <!-- com.OHRM.TestCases.LoginPageTest -->
