<?xml version="1.0" encoding="UTF-8"?>
<!-- Generated by org.testng.reporters.JUnitReportReporter -->
<testsuite skipped="0" hostname="Hp" name="com.OHRM.Testdata.LoginPageTest" tests="2" failures="0" timestamp="2019-09-23T19:11:14 IST" time="22.233" errors="0">
  <testcase name="LoginPageTitle" time="11.518" classname="com.OHRM.Testdata.LoginPageTest"/>
  <testcase name="LoginTest" time="10.715" classname="com.OHRM.Testdata.LoginPageTest"/>
</testsuite> <!-- com.OHRM.Testdata.LoginPageTest -->
