<?xml version="1.0" encoding="UTF-8"?>
<!-- Generated by org.testng.reporters.JUnitReportReporter -->
<testsuite skipped="0" hostname="Hp" name="com.OHRM.TestCases.EMployeePageTest" tests="1" failures="0" timestamp="2019-09-30T13:43:59 IST" time="23.033" errors="0">
  <testcase name="verifyEmployeeInfoLabelTest" time="23.033" classname="com.OHRM.TestCases.EMployeePageTest"/>
</testsuite> <!-- com.OHRM.TestCases.EMployeePageTest -->
