<?xml version="1.0" encoding="UTF-8"?>
<!-- Generated by org.testng.reporters.JUnitReportReporter -->
<testsuite skipped="0" hostname="Hp" name="com.OHRM.Testdata.HomePageTest" tests="2" failures="0" timestamp="2019-09-23T20:07:48 IST" time="53.902" errors="0">
  <testcase name="verifyHomePage" time="26.968" classname="com.OHRM.Testdata.HomePageTest"/>
  <testcase name="AdminPageTest" time="26.934" classname="com.OHRM.Testdata.HomePageTest"/>
</testsuite> <!-- com.OHRM.Testdata.HomePageTest -->
